2025-06-12 22:15:34,660 - __main__ - INFO - 数据将保存至: F:\大三下北邮资料\大数据\大作业一\code\finance_data
2025-06-12 22:15:34,661 - __main__ - INFO - 开始获取A股股票列表...
2025-06-12 22:15:34,806 - __main__ - INFO - 成功获取 100 只股票数据
2025-06-12 22:15:34,815 - __main__ - INFO - 数据已保存至CSV: ./finance_data\stock_list_20250612_221534.csv
2025-06-12 22:15:34,821 - __main__ - ERROR - 获取股票列表失败: No module named 'openpyxl'
2025-06-12 22:15:34,823 - __main__ - ERROR - 未能获取股票列表，爬取终止
2025-06-12 22:21:41,021 - __main__ - INFO - 数据将保存至: F:\大三下北邮资料\大数据\大作业一\code\finance_data
2025-06-12 22:21:41,022 - __main__ - INFO - 开始获取A股股票列表...
2025-06-12 22:21:41,208 - __main__ - INFO - 成功获取 100 只股票数据
2025-06-12 22:21:41,216 - __main__ - INFO - 数据已保存至CSV: ./finance_data\stock_list_20250612_222141.csv
2025-06-12 22:21:41,636 - __main__ - INFO - 数据已保存至Excel: ./finance_data\stock_list_20250612_222141.xlsx
2025-06-12 22:21:41,638 - __main__ - INFO - 数据已保存至JSON: ./finance_data\stock_list_20250612_222141.json
2025-06-12 22:21:41,639 - __main__ - INFO - 开始批量爬取 10 只股票的数据...
2025-06-12 22:21:41,640 - __main__ - INFO - 正在处理第 1/10 只股票: 603382
2025-06-12 22:21:41,640 - __main__ - INFO - 开始获取股票 603382 的K线数据...
2025-06-12 22:21:41,731 - __main__ - INFO - 成功获取 603382 的 1 条K线数据
2025-06-12 22:21:41,733 - __main__ - INFO - 数据已保存至CSV: ./finance_data\kline_603382_20250612_222141.csv
2025-06-12 22:21:41,743 - __main__ - INFO - 数据已保存至Excel: ./finance_data\kline_603382_20250612_222141.xlsx
2025-06-12 22:21:41,745 - __main__ - INFO - 数据已保存至JSON: ./finance_data\kline_603382_20250612_222141.json
2025-06-12 22:21:42,746 - __main__ - INFO - 开始获取股票 603382 的财务数据...
2025-06-12 22:21:43,099 - __main__ - WARNING - 未获取到股票 603382 的财务数据
2025-06-12 22:21:44,100 - __main__ - INFO - 正在处理第 2/10 只股票: 300237
2025-06-12 22:21:44,101 - __main__ - INFO - 开始获取股票 300237 的K线数据...
2025-06-12 22:21:44,191 - __main__ - INFO - 成功获取 300237 的 243 条K线数据
2025-06-12 22:21:44,196 - __main__ - INFO - 数据已保存至CSV: ./finance_data\kline_300237_20250612_222144.csv
2025-06-12 22:21:44,252 - __main__ - INFO - 数据已保存至Excel: ./finance_data\kline_300237_20250612_222144.xlsx
2025-06-12 22:21:44,254 - __main__ - INFO - 数据已保存至JSON: ./finance_data\kline_300237_20250612_222144.json
2025-06-12 22:21:45,255 - __main__ - INFO - 开始获取股票 300237 的财务数据...
2025-06-12 22:21:45,547 - __main__ - WARNING - 未获取到股票 300237 的财务数据
2025-06-12 22:21:46,549 - __main__ - INFO - 正在处理第 3/10 只股票: 300333
2025-06-12 22:21:46,549 - __main__ - INFO - 开始获取股票 300333 的K线数据...
2025-06-12 22:21:46,638 - __main__ - INFO - 成功获取 300333 的 243 条K线数据
2025-06-12 22:21:46,643 - __main__ - INFO - 数据已保存至CSV: ./finance_data\kline_300333_20250612_222146.csv
2025-06-12 22:21:46,702 - __main__ - INFO - 数据已保存至Excel: ./finance_data\kline_300333_20250612_222146.xlsx
2025-06-12 22:21:46,705 - __main__ - INFO - 数据已保存至JSON: ./finance_data\kline_300333_20250612_222146.json
2025-06-12 22:21:47,706 - __main__ - INFO - 开始获取股票 300333 的财务数据...
2025-06-12 22:21:47,912 - __main__ - WARNING - 未获取到股票 300333 的财务数据
2025-06-12 22:21:48,914 - __main__ - INFO - 正在处理第 4/10 只股票: 301662
2025-06-12 22:21:48,914 - __main__ - INFO - 开始获取股票 301662 的K线数据...
2025-06-12 22:21:48,993 - __main__ - INFO - 成功获取 301662 的 37 条K线数据
2025-06-12 22:21:48,995 - __main__ - INFO - 数据已保存至CSV: ./finance_data\kline_301662_20250612_222148.csv
2025-06-12 22:21:49,022 - __main__ - INFO - 数据已保存至Excel: ./finance_data\kline_301662_20250612_222148.xlsx
2025-06-12 22:21:49,024 - __main__ - INFO - 数据已保存至JSON: ./finance_data\kline_301662_20250612_222148.json
2025-06-12 22:21:50,025 - __main__ - INFO - 开始获取股票 301662 的财务数据...
2025-06-12 22:21:50,280 - __main__ - WARNING - 未获取到股票 301662 的财务数据
2025-06-12 22:21:51,282 - __main__ - INFO - 正在处理第 5/10 只股票: 301622
2025-06-12 22:21:51,283 - __main__ - INFO - 开始获取股票 301622 的K线数据...
2025-06-12 22:21:51,355 - __main__ - INFO - 成功获取 301622 的 125 条K线数据
2025-06-12 22:21:51,358 - __main__ - INFO - 数据已保存至CSV: ./finance_data\kline_301622_20250612_222151.csv
2025-06-12 22:21:51,388 - __main__ - INFO - 数据已保存至Excel: ./finance_data\kline_301622_20250612_222151.xlsx
2025-06-12 22:21:51,390 - __main__ - INFO - 数据已保存至JSON: ./finance_data\kline_301622_20250612_222151.json
2025-06-12 22:21:52,391 - __main__ - INFO - 开始获取股票 301622 的财务数据...
2025-06-12 22:21:52,692 - __main__ - WARNING - 未获取到股票 301622 的财务数据
2025-06-12 22:21:53,694 - __main__ - INFO - 正在处理第 6/10 只股票: 301110
2025-06-12 22:21:53,694 - __main__ - INFO - 开始获取股票 301110 的K线数据...
2025-06-12 22:21:53,769 - __main__ - INFO - 成功获取 301110 的 243 条K线数据
2025-06-12 22:21:53,776 - __main__ - INFO - 数据已保存至CSV: ./finance_data\kline_301110_20250612_222153.csv
2025-06-12 22:21:53,831 - __main__ - INFO - 数据已保存至Excel: ./finance_data\kline_301110_20250612_222153.xlsx
2025-06-12 22:21:53,834 - __main__ - INFO - 数据已保存至JSON: ./finance_data\kline_301110_20250612_222153.json
2025-06-12 22:21:54,836 - __main__ - INFO - 开始获取股票 301110 的财务数据...
2025-06-12 22:21:55,162 - __main__ - WARNING - 未获取到股票 301110 的财务数据
2025-06-12 22:21:56,164 - __main__ - INFO - 正在处理第 7/10 只股票: 300987
2025-06-12 22:21:56,164 - __main__ - INFO - 开始获取股票 300987 的K线数据...
2025-06-12 22:21:56,259 - __main__ - INFO - 成功获取 300987 的 243 条K线数据
2025-06-12 22:21:56,263 - __main__ - INFO - 数据已保存至CSV: ./finance_data\kline_300987_20250612_222156.csv
2025-06-12 22:21:56,328 - __main__ - INFO - 数据已保存至Excel: ./finance_data\kline_300987_20250612_222156.xlsx
2025-06-12 22:21:56,331 - __main__ - INFO - 数据已保存至JSON: ./finance_data\kline_300987_20250612_222156.json
2025-06-12 22:21:57,333 - __main__ - INFO - 开始获取股票 300987 的财务数据...
2025-06-12 22:21:57,603 - __main__ - WARNING - 未获取到股票 300987 的财务数据
2025-06-12 22:21:58,605 - __main__ - INFO - 正在处理第 8/10 只股票: 300949
2025-06-12 22:21:58,605 - __main__ - INFO - 开始获取股票 300949 的K线数据...
2025-06-12 22:21:58,680 - __main__ - INFO - 成功获取 300949 的 243 条K线数据
2025-06-12 22:21:58,684 - __main__ - INFO - 数据已保存至CSV: ./finance_data\kline_300949_20250612_222158.csv
2025-06-12 22:21:58,731 - __main__ - INFO - 数据已保存至Excel: ./finance_data\kline_300949_20250612_222158.xlsx
2025-06-12 22:21:58,733 - __main__ - INFO - 数据已保存至JSON: ./finance_data\kline_300949_20250612_222158.json
2025-06-12 22:21:59,734 - __main__ - INFO - 开始获取股票 300949 的财务数据...
2025-06-12 22:21:59,982 - __main__ - WARNING - 未获取到股票 300949 的财务数据
2025-06-12 22:22:00,983 - __main__ - INFO - 正在处理第 9/10 只股票: 300640
2025-06-12 22:22:00,983 - __main__ - INFO - 开始获取股票 300640 的K线数据...
2025-06-12 22:22:01,053 - __main__ - INFO - 成功获取 300640 的 243 条K线数据
2025-06-12 22:22:01,058 - __main__ - INFO - 数据已保存至CSV: ./finance_data\kline_300640_20250612_222201.csv
2025-06-12 22:22:01,120 - __main__ - INFO - 数据已保存至Excel: ./finance_data\kline_300640_20250612_222201.xlsx
2025-06-12 22:22:01,122 - __main__ - INFO - 数据已保存至JSON: ./finance_data\kline_300640_20250612_222201.json
2025-06-12 22:22:02,123 - __main__ - INFO - 开始获取股票 300640 的财务数据...
2025-06-12 22:22:02,302 - __main__ - WARNING - 未获取到股票 300640 的财务数据
2025-06-12 22:22:03,303 - __main__ - INFO - 正在处理第 10/10 只股票: 300521
2025-06-12 22:22:03,305 - __main__ - INFO - 开始获取股票 300521 的K线数据...
2025-06-12 22:22:03,394 - __main__ - INFO - 成功获取 300521 的 243 条K线数据
2025-06-12 22:22:03,409 - __main__ - INFO - 数据已保存至CSV: ./finance_data\kline_300521_20250612_222203.csv
2025-06-12 22:22:03,459 - __main__ - INFO - 数据已保存至Excel: ./finance_data\kline_300521_20250612_222203.xlsx
2025-06-12 22:22:03,461 - __main__ - INFO - 数据已保存至JSON: ./finance_data\kline_300521_20250612_222203.json
2025-06-12 22:22:04,463 - __main__ - INFO - 开始获取股票 300521 的财务数据...
2025-06-12 22:22:04,695 - __main__ - WARNING - 未获取到股票 300521 的财务数据
2025-06-12 22:22:05,716 - __main__ - INFO - 数据已保存至CSV: ./finance_data\all_kline_data_20250612_222205.csv
2025-06-12 22:22:06,047 - __main__ - INFO - 数据已保存至Excel: ./finance_data\all_kline_data_20250612_222205.xlsx
2025-06-12 22:22:06,054 - __main__ - INFO - 数据已保存至JSON: ./finance_data\all_kline_data_20250612_222205.json
2025-06-12 22:22:06,054 - __main__ - INFO - 批量爬取完成！
2025-06-12 22:22:06,055 - __main__ - INFO - 
=== 数据爬取统计 ===
2025-06-12 22:22:06,055 - __main__ - INFO - 爬取股票总数: 100
2025-06-12 22:22:06,056 - __main__ - INFO - 详细数据爬取: 10 只
2025-06-12 22:22:06,056 - __main__ - INFO - 数据保存路径: F:\大三下北邮资料\大数据\大作业一\code\finance_data
2025-06-12 22:28:29,056 - __main__ - INFO - 数据将保存至: F:\大三下北邮资料\大数据\大作业一\code\finance_data
2025-06-12 22:28:29,057 - __main__ - INFO - 开始获取A股股票列表...
2025-06-12 22:28:29,281 - __main__ - INFO - 成功获取 100 只股票数据
2025-06-12 22:28:29,302 - __main__ - INFO - 数据已保存至CSV: ./finance_data\stock_list_20250612_222829.csv
2025-06-12 22:28:29,823 - __main__ - INFO - 数据已保存至Excel: ./finance_data\stock_list_20250612_222829.xlsx
2025-06-12 22:28:29,827 - __main__ - INFO - 数据已保存至JSON: ./finance_data\stock_list_20250612_222829.json
2025-06-12 22:28:29,827 - __main__ - WARNING - 仅获取到 100 只股票数据，未达到1000条要求
2025-06-12 22:28:29,828 - __main__ - INFO - 开始批量爬取 10 只股票的数据...
2025-06-12 22:28:29,828 - __main__ - INFO - 正在处理第 1/10 只股票: 603382
2025-06-12 22:28:29,828 - __main__ - INFO - 开始获取股票 603382 的K线数据...
2025-06-12 22:28:29,970 - __main__ - INFO - 成功获取 603382 的 1 条K线数据
2025-06-12 22:28:29,971 - __main__ - INFO - 数据已保存至CSV: ./finance_data\kline_603382_20250612_222829.csv
2025-06-12 22:28:29,983 - __main__ - INFO - 数据已保存至Excel: ./finance_data\kline_603382_20250612_222829.xlsx
2025-06-12 22:28:29,985 - __main__ - INFO - 数据已保存至JSON: ./finance_data\kline_603382_20250612_222829.json
2025-06-12 22:28:30,986 - __main__ - INFO - 开始获取股票 603382 的财务数据...
2025-06-12 22:28:31,152 - __main__ - INFO - 尝试备用API获取 603382 的财务数据...
2025-06-12 22:28:31,579 - __main__ - INFO - 使用备用方法获取 603382 的基础财务数据
2025-06-12 22:28:31,581 - __main__ - INFO - 数据已保存至CSV: ./finance_data\financial_603382_20250612_222831.csv
2025-06-12 22:28:31,590 - __main__ - INFO - 数据已保存至Excel: ./finance_data\financial_603382_20250612_222831.xlsx
2025-06-12 22:28:31,592 - __main__ - INFO - 数据已保存至JSON: ./finance_data\financial_603382_20250612_222831.json
2025-06-12 22:28:33,093 - __main__ - INFO - 正在处理第 2/10 只股票: 300237
2025-06-12 22:28:33,094 - __main__ - INFO - 开始获取股票 300237 的K线数据...
2025-06-12 22:28:33,217 - __main__ - INFO - 成功获取 300237 的 243 条K线数据
2025-06-12 22:28:33,222 - __main__ - INFO - 数据已保存至CSV: ./finance_data\kline_300237_20250612_222833.csv
2025-06-12 22:28:33,277 - __main__ - INFO - 数据已保存至Excel: ./finance_data\kline_300237_20250612_222833.xlsx
2025-06-12 22:28:33,279 - __main__ - INFO - 数据已保存至JSON: ./finance_data\kline_300237_20250612_222833.json
2025-06-12 22:28:34,280 - __main__ - INFO - 开始获取股票 300237 的财务数据...
2025-06-12 22:28:34,420 - __main__ - INFO - 尝试备用API获取 300237 的财务数据...
2025-06-12 22:28:34,604 - __main__ - INFO - 使用备用方法获取 300237 的基础财务数据
2025-06-12 22:28:34,606 - __main__ - INFO - 数据已保存至CSV: ./finance_data\financial_300237_20250612_222834.csv
2025-06-12 22:28:34,625 - __main__ - INFO - 数据已保存至Excel: ./finance_data\financial_300237_20250612_222834.xlsx
2025-06-12 22:28:34,627 - __main__ - INFO - 数据已保存至JSON: ./finance_data\financial_300237_20250612_222834.json
2025-06-12 22:28:36,128 - __main__ - INFO - 正在处理第 3/10 只股票: 300333
2025-06-12 22:28:36,129 - __main__ - INFO - 开始获取股票 300333 的K线数据...
2025-06-12 22:28:36,245 - __main__ - INFO - 成功获取 300333 的 243 条K线数据
2025-06-12 22:28:36,249 - __main__ - INFO - 数据已保存至CSV: ./finance_data\kline_300333_20250612_222836.csv
2025-06-12 22:28:36,300 - __main__ - INFO - 数据已保存至Excel: ./finance_data\kline_300333_20250612_222836.xlsx
2025-06-12 22:28:36,303 - __main__ - INFO - 数据已保存至JSON: ./finance_data\kline_300333_20250612_222836.json
2025-06-12 22:28:37,304 - __main__ - INFO - 开始获取股票 300333 的财务数据...
2025-06-12 22:28:37,446 - __main__ - INFO - 尝试备用API获取 300333 的财务数据...
2025-06-12 22:28:37,672 - __main__ - INFO - 使用备用方法获取 300333 的基础财务数据
2025-06-12 22:28:37,675 - __main__ - INFO - 数据已保存至CSV: ./finance_data\financial_300333_20250612_222837.csv
2025-06-12 22:28:37,684 - __main__ - INFO - 数据已保存至Excel: ./finance_data\financial_300333_20250612_222837.xlsx
2025-06-12 22:28:37,686 - __main__ - INFO - 数据已保存至JSON: ./finance_data\financial_300333_20250612_222837.json
2025-06-12 22:28:39,186 - __main__ - INFO - 正在处理第 4/10 只股票: 301662
2025-06-12 22:28:39,187 - __main__ - INFO - 开始获取股票 301662 的K线数据...
2025-06-12 22:28:39,298 - __main__ - INFO - 成功获取 301662 的 37 条K线数据
2025-06-12 22:28:39,301 - __main__ - INFO - 数据已保存至CSV: ./finance_data\kline_301662_20250612_222839.csv
2025-06-12 22:28:39,326 - __main__ - INFO - 数据已保存至Excel: ./finance_data\kline_301662_20250612_222839.xlsx
2025-06-12 22:28:39,330 - __main__ - INFO - 数据已保存至JSON: ./finance_data\kline_301662_20250612_222839.json
2025-06-12 22:28:40,330 - __main__ - INFO - 开始获取股票 301662 的财务数据...
2025-06-12 22:28:40,451 - __main__ - INFO - 尝试备用API获取 301662 的财务数据...
2025-06-12 22:28:40,631 - __main__ - INFO - 使用备用方法获取 301662 的基础财务数据
2025-06-12 22:28:40,633 - __main__ - INFO - 数据已保存至CSV: ./finance_data\financial_301662_20250612_222840.csv
2025-06-12 22:28:40,641 - __main__ - INFO - 数据已保存至Excel: ./finance_data\financial_301662_20250612_222840.xlsx
2025-06-12 22:28:40,643 - __main__ - INFO - 数据已保存至JSON: ./finance_data\financial_301662_20250612_222840.json
2025-06-12 22:28:42,144 - __main__ - INFO - 正在处理第 5/10 只股票: 301622
2025-06-12 22:28:42,145 - __main__ - INFO - 开始获取股票 301622 的K线数据...
2025-06-12 22:28:42,265 - __main__ - INFO - 成功获取 301622 的 125 条K线数据
2025-06-12 22:28:42,270 - __main__ - INFO - 数据已保存至CSV: ./finance_data\kline_301622_20250612_222842.csv
2025-06-12 22:28:42,304 - __main__ - INFO - 数据已保存至Excel: ./finance_data\kline_301622_20250612_222842.xlsx
2025-06-12 22:28:42,306 - __main__ - INFO - 数据已保存至JSON: ./finance_data\kline_301622_20250612_222842.json
2025-06-12 22:28:43,307 - __main__ - INFO - 开始获取股票 301622 的财务数据...
2025-06-12 22:28:43,459 - __main__ - INFO - 尝试备用API获取 301622 的财务数据...
2025-06-12 22:28:43,613 - __main__ - INFO - 使用备用方法获取 301622 的基础财务数据
2025-06-12 22:28:43,615 - __main__ - INFO - 数据已保存至CSV: ./finance_data\financial_301622_20250612_222843.csv
2025-06-12 22:28:43,626 - __main__ - INFO - 数据已保存至Excel: ./finance_data\financial_301622_20250612_222843.xlsx
2025-06-12 22:28:43,628 - __main__ - INFO - 数据已保存至JSON: ./finance_data\financial_301622_20250612_222843.json
2025-06-12 22:28:45,129 - __main__ - INFO - 正在处理第 6/10 只股票: 301110
2025-06-12 22:28:45,129 - __main__ - INFO - 开始获取股票 301110 的K线数据...
2025-06-12 22:28:45,251 - __main__ - INFO - 成功获取 301110 的 243 条K线数据
2025-06-12 22:28:45,258 - __main__ - INFO - 数据已保存至CSV: ./finance_data\kline_301110_20250612_222845.csv
2025-06-12 22:28:45,315 - __main__ - INFO - 数据已保存至Excel: ./finance_data\kline_301110_20250612_222845.xlsx
2025-06-12 22:28:45,319 - __main__ - INFO - 数据已保存至JSON: ./finance_data\kline_301110_20250612_222845.json
2025-06-12 22:28:46,320 - __main__ - INFO - 开始获取股票 301110 的财务数据...
2025-06-12 22:28:46,463 - __main__ - INFO - 尝试备用API获取 301110 的财务数据...
2025-06-12 22:28:46,626 - __main__ - INFO - 使用备用方法获取 301110 的基础财务数据
2025-06-12 22:28:46,628 - __main__ - INFO - 数据已保存至CSV: ./finance_data\financial_301110_20250612_222846.csv
2025-06-12 22:28:46,636 - __main__ - INFO - 数据已保存至Excel: ./finance_data\financial_301110_20250612_222846.xlsx
2025-06-12 22:28:46,638 - __main__ - INFO - 数据已保存至JSON: ./finance_data\financial_301110_20250612_222846.json
2025-06-12 22:28:48,139 - __main__ - INFO - 正在处理第 7/10 只股票: 300987
2025-06-12 22:28:48,140 - __main__ - INFO - 开始获取股票 300987 的K线数据...
2025-06-12 22:28:48,253 - __main__ - INFO - 成功获取 300987 的 243 条K线数据
2025-06-12 22:28:48,257 - __main__ - INFO - 数据已保存至CSV: ./finance_data\kline_300987_20250612_222848.csv
2025-06-12 22:28:48,314 - __main__ - INFO - 数据已保存至Excel: ./finance_data\kline_300987_20250612_222848.xlsx
2025-06-12 22:28:48,318 - __main__ - INFO - 数据已保存至JSON: ./finance_data\kline_300987_20250612_222848.json
2025-06-12 22:28:49,319 - __main__ - INFO - 开始获取股票 300987 的财务数据...
2025-06-12 22:28:49,443 - __main__ - INFO - 尝试备用API获取 300987 的财务数据...
2025-06-12 22:28:49,612 - __main__ - INFO - 使用备用方法获取 300987 的基础财务数据
2025-06-12 22:28:49,614 - __main__ - INFO - 数据已保存至CSV: ./finance_data\financial_300987_20250612_222849.csv
2025-06-12 22:28:49,624 - __main__ - INFO - 数据已保存至Excel: ./finance_data\financial_300987_20250612_222849.xlsx
2025-06-12 22:28:49,625 - __main__ - INFO - 数据已保存至JSON: ./finance_data\financial_300987_20250612_222849.json
2025-06-12 22:28:51,126 - __main__ - INFO - 正在处理第 8/10 只股票: 300949
2025-06-12 22:28:51,127 - __main__ - INFO - 开始获取股票 300949 的K线数据...
2025-06-12 22:28:51,261 - __main__ - INFO - 成功获取 300949 的 243 条K线数据
2025-06-12 22:28:51,265 - __main__ - INFO - 数据已保存至CSV: ./finance_data\kline_300949_20250612_222851.csv
2025-06-12 22:28:51,315 - __main__ - INFO - 数据已保存至Excel: ./finance_data\kline_300949_20250612_222851.xlsx
2025-06-12 22:28:51,317 - __main__ - INFO - 数据已保存至JSON: ./finance_data\kline_300949_20250612_222851.json
2025-06-12 22:28:52,318 - __main__ - INFO - 开始获取股票 300949 的财务数据...
2025-06-12 22:28:52,446 - __main__ - INFO - 尝试备用API获取 300949 的财务数据...
2025-06-12 22:28:52,612 - __main__ - INFO - 使用备用方法获取 300949 的基础财务数据
2025-06-12 22:28:52,613 - __main__ - INFO - 数据已保存至CSV: ./finance_data\financial_300949_20250612_222852.csv
2025-06-12 22:28:52,622 - __main__ - INFO - 数据已保存至Excel: ./finance_data\financial_300949_20250612_222852.xlsx
2025-06-12 22:28:52,624 - __main__ - INFO - 数据已保存至JSON: ./finance_data\financial_300949_20250612_222852.json
2025-06-12 22:28:54,125 - __main__ - INFO - 正在处理第 9/10 只股票: 300640
2025-06-12 22:28:54,125 - __main__ - INFO - 开始获取股票 300640 的K线数据...
2025-06-12 22:28:54,231 - __main__ - INFO - 成功获取 300640 的 243 条K线数据
2025-06-12 22:28:54,235 - __main__ - INFO - 数据已保存至CSV: ./finance_data\kline_300640_20250612_222854.csv
2025-06-12 22:28:54,283 - __main__ - INFO - 数据已保存至Excel: ./finance_data\kline_300640_20250612_222854.xlsx
2025-06-12 22:28:54,285 - __main__ - INFO - 数据已保存至JSON: ./finance_data\kline_300640_20250612_222854.json
2025-06-12 22:28:55,287 - __main__ - INFO - 开始获取股票 300640 的财务数据...
2025-06-12 22:28:55,428 - __main__ - INFO - 尝试备用API获取 300640 的财务数据...
2025-06-12 22:28:55,573 - __main__ - INFO - 使用备用方法获取 300640 的基础财务数据
2025-06-12 22:28:55,575 - __main__ - INFO - 数据已保存至CSV: ./finance_data\financial_300640_20250612_222855.csv
2025-06-12 22:28:55,587 - __main__ - INFO - 数据已保存至Excel: ./finance_data\financial_300640_20250612_222855.xlsx
2025-06-12 22:28:55,589 - __main__ - INFO - 数据已保存至JSON: ./finance_data\financial_300640_20250612_222855.json
2025-06-12 22:28:57,090 - __main__ - INFO - 正在处理第 10/10 只股票: 300521
2025-06-12 22:28:57,091 - __main__ - INFO - 开始获取股票 300521 的K线数据...
2025-06-12 22:28:57,225 - __main__ - INFO - 成功获取 300521 的 243 条K线数据
2025-06-12 22:28:57,230 - __main__ - INFO - 数据已保存至CSV: ./finance_data\kline_300521_20250612_222857.csv
2025-06-12 22:28:57,276 - __main__ - INFO - 数据已保存至Excel: ./finance_data\kline_300521_20250612_222857.xlsx
2025-06-12 22:28:57,278 - __main__ - INFO - 数据已保存至JSON: ./finance_data\kline_300521_20250612_222857.json
2025-06-12 22:28:58,279 - __main__ - INFO - 开始获取股票 300521 的财务数据...
2025-06-12 22:28:58,417 - __main__ - INFO - 尝试备用API获取 300521 的财务数据...
2025-06-12 22:28:58,602 - __main__ - INFO - 使用备用方法获取 300521 的基础财务数据
2025-06-12 22:28:58,604 - __main__ - INFO - 数据已保存至CSV: ./finance_data\financial_300521_20250612_222858.csv
2025-06-12 22:28:58,612 - __main__ - INFO - 数据已保存至Excel: ./finance_data\financial_300521_20250612_222858.xlsx
2025-06-12 22:28:58,614 - __main__ - INFO - 数据已保存至JSON: ./finance_data\financial_300521_20250612_222858.json
2025-06-12 22:29:00,145 - __main__ - INFO - 数据已保存至CSV: ./finance_data\all_kline_data_20250612_222900.csv
2025-06-12 22:29:00,469 - __main__ - INFO - 数据已保存至Excel: ./finance_data\all_kline_data_20250612_222900.xlsx
2025-06-12 22:29:00,478 - __main__ - INFO - 数据已保存至JSON: ./finance_data\all_kline_data_20250612_222900.json
2025-06-12 22:29:00,481 - __main__ - INFO - 数据已保存至CSV: ./finance_data\all_financial_data_20250612_222900.csv
2025-06-12 22:29:00,490 - __main__ - INFO - 数据已保存至Excel: ./finance_data\all_financial_data_20250612_222900.xlsx
2025-06-12 22:29:00,493 - __main__ - INFO - 数据已保存至JSON: ./finance_data\all_financial_data_20250612_222900.json
2025-06-12 22:29:00,493 - __main__ - INFO - 批量爬取完成！
