2025-06-12 22:19:34,817 - __main__ - INFO - 数据将保存至: F:\大三下北邮资料\大数据\大作业一\code\medical_data
2025-06-12 22:19:34,818 - __main__ - INFO - === 开始执行医疗数据爬虫 ===
2025-06-12 22:19:34,819 - __main__ - INFO - 
1. 爬取国家卫健委统计数据...
2025-06-12 22:19:34,819 - __main__ - INFO - 开始获取国家卫健委统计数据，类别: ylfwygl
2025-06-12 22:19:35,046 - __main__ - WARNING - 未获取到数据
2025-06-12 22:19:35,049 - __main__ - INFO - 
2. 爬取医院信息...
2025-06-12 22:19:35,050 - __main__ - INFO - 开始获取 北京 的医院数据...
2025-06-12 22:19:35,053 - __main__ - INFO - 成功获取 2 家医院数据
2025-06-12 22:19:35,060 - __main__ - INFO - 数据已保存至CSV: ./medical_data\hospitals_北京_20250612_221935.csv
2025-06-12 22:19:35,062 - __main__ - ERROR - 获取医院数据失败: No module named 'openpyxl'
2025-06-12 22:19:37,063 - __main__ - INFO - 开始获取 上海 的医院数据...
2025-06-12 22:19:37,065 - __main__ - INFO - 成功获取 2 家医院数据
2025-06-12 22:19:37,068 - __main__ - INFO - 数据已保存至CSV: ./medical_data\hospitals_上海_20250612_221937.csv
2025-06-12 22:19:37,070 - __main__ - ERROR - 获取医院数据失败: No module named 'openpyxl'
2025-06-12 22:19:39,071 - __main__ - INFO - 开始获取 广东 的医院数据...
2025-06-12 22:19:39,073 - __main__ - INFO - 成功获取 2 家医院数据
2025-06-12 22:19:39,075 - __main__ - INFO - 数据已保存至CSV: ./medical_data\hospitals_广东_20250612_221939.csv
2025-06-12 22:19:39,077 - __main__ - ERROR - 获取医院数据失败: No module named 'openpyxl'
2025-06-12 22:19:41,079 - __main__ - INFO - 
3. 爬取疾病统计数据...
2025-06-12 22:19:41,079 - __main__ - INFO - 开始获取疾病统计数据...
2025-06-12 22:19:41,275 - __main__ - INFO - 
4. 爬取医疗政策文件...
2025-06-12 22:19:41,276 - __main__ - INFO - 开始获取 2024 年医疗政策文件...
2025-06-12 22:19:41,432 - __main__ - INFO - 
=== 爬取完成统计 ===
2025-06-12 22:19:41,433 - __main__ - INFO - 国家卫健委数据: 0 条
2025-06-12 22:19:41,434 - __main__ - INFO - 医院信息: 0 条
2025-06-12 22:19:41,434 - __main__ - INFO - 疾病统计: 0 条
2025-06-12 22:19:41,434 - __main__ - INFO - 政策文件: 0 条
2025-06-12 22:19:41,434 - __main__ - INFO - 数据保存路径: F:\大三下北邮资料\大数据\大作业一\code\medical_data
2025-06-12 22:35:30,758 - __main__ - INFO - 数据将保存至: F:\大三下北邮资料\大数据\大作业一\code\medical_data
2025-06-12 22:35:30,759 - __main__ - INFO - === 开始执行医疗数据爬虫 ===
2025-06-12 22:35:30,760 - __main__ - INFO - 
1. 爬取国家卫健委统计数据...
2025-06-12 22:35:30,760 - __main__ - INFO - 开始获取国家卫健委统计数据，类别: ylfwygl
2025-06-12 22:35:30,986 - __main__ - WARNING - 未获取到数据
2025-06-12 22:35:30,988 - __main__ - INFO - 
2. 爬取医院信息...
2025-06-12 22:35:30,989 - __main__ - INFO - 开始获取 北京 的医院数据...
2025-06-12 22:35:30,991 - __main__ - INFO - 成功获取 2 家医院数据
2025-06-12 22:35:31,000 - __main__ - INFO - 数据已保存至CSV: ./medical_data\hospitals_北京_20250612_223530.csv
2025-06-12 22:35:31,462 - __main__ - INFO - 数据已保存至Excel: ./medical_data\hospitals_北京_20250612_223530.xlsx
2025-06-12 22:35:33,463 - __main__ - INFO - 开始获取 上海 的医院数据...
2025-06-12 22:35:33,465 - __main__ - INFO - 成功获取 2 家医院数据
2025-06-12 22:35:33,467 - __main__ - INFO - 数据已保存至CSV: ./medical_data\hospitals_上海_20250612_223533.csv
2025-06-12 22:35:33,481 - __main__ - INFO - 数据已保存至Excel: ./medical_data\hospitals_上海_20250612_223533.xlsx
2025-06-12 22:35:35,482 - __main__ - INFO - 开始获取 广东 的医院数据...
2025-06-12 22:35:35,484 - __main__ - INFO - 成功获取 2 家医院数据
2025-06-12 22:35:35,486 - __main__ - INFO - 数据已保存至CSV: ./medical_data\hospitals_广东_20250612_223535.csv
2025-06-12 22:35:35,512 - __main__ - INFO - 数据已保存至Excel: ./medical_data\hospitals_广东_20250612_223535.xlsx
2025-06-12 22:35:37,516 - __main__ - INFO - 数据已保存至CSV: ./medical_data\all_hospitals_20250612_223537.csv
2025-06-12 22:35:37,532 - __main__ - INFO - 数据已保存至Excel: ./medical_data\all_hospitals_20250612_223537.xlsx
2025-06-12 22:35:37,532 - __main__ - INFO - 
3. 爬取疾病统计数据...
2025-06-12 22:35:37,533 - __main__ - INFO - 开始获取疾病统计数据...
2025-06-12 22:35:37,664 - __main__ - INFO - 
4. 爬取医疗政策文件...
2025-06-12 22:35:37,664 - __main__ - INFO - 开始获取 2024 年医疗政策文件...
2025-06-12 22:35:37,840 - __main__ - INFO - 
=== 爬取完成统计 ===
2025-06-12 22:35:37,840 - __main__ - INFO - 国家卫健委数据: 0 条
2025-06-12 22:35:37,841 - __main__ - INFO - 医院信息: 6 条
2025-06-12 22:35:37,841 - __main__ - INFO - 疾病统计: 0 条
2025-06-12 22:35:37,841 - __main__ - INFO - 政策文件: 0 条
2025-06-12 22:35:37,842 - __main__ - INFO - 数据保存路径: F:\大三下北邮资料\大数据\大作业一\code\medical_data
2025-06-12 22:43:28,254 - __main__ - INFO - 数据将保存至: F:\大三下北邮资料\大数据\大作业一\code\medical_data
2025-06-12 22:43:28,255 - __main__ - INFO - === 开始执行医疗数据爬虫（增强版） ===
2025-06-12 22:43:28,256 - __main__ - INFO - 
1. 爬取国家卫健委统计数据...
2025-06-12 22:43:28,256 - __main__ - INFO - 开始获取国家卫健委统计数据，最大页数: 5
2025-06-12 22:43:28,257 - __main__ - INFO - 爬取类别: 统计信息
2025-06-12 22:43:28,442 - __main__ - WARNING - 页面 1 访问失败: 412
2025-06-12 22:43:28,656 - __main__ - WARNING - 页面 2 访问失败: 412
2025-06-12 22:43:28,835 - __main__ - WARNING - 页面 3 访问失败: 412
2025-06-12 22:43:28,979 - __main__ - WARNING - 页面 4 访问失败: 412
2025-06-12 22:43:29,125 - __main__ - WARNING - 页面 5 访问失败: 412
2025-06-12 22:43:29,125 - __main__ - INFO - 爬取类别: 卫生统计
2025-06-12 22:43:29,304 - __main__ - WARNING - 页面 1 访问失败: 412
2025-06-12 22:43:29,464 - __main__ - WARNING - 页面 2 访问失败: 412
2025-06-12 22:43:29,577 - __main__ - WARNING - 页面 3 访问失败: 412
2025-06-12 22:43:29,724 - __main__ - WARNING - 页面 4 访问失败: 412
2025-06-12 22:43:29,839 - __main__ - WARNING - 页面 5 访问失败: 412
2025-06-12 22:43:29,839 - __main__ - INFO - 爬取类别: 健康统计
2025-06-12 22:43:29,955 - __main__ - WARNING - 页面 1 访问失败: 412
2025-06-12 22:43:30,169 - __main__ - WARNING - 页面 2 访问失败: 412
2025-06-12 22:43:30,308 - __main__ - WARNING - 页面 3 访问失败: 412
2025-06-12 22:43:30,447 - __main__ - WARNING - 页面 4 访问失败: 412
2025-06-12 22:43:30,624 - __main__ - WARNING - 页面 5 访问失败: 412
2025-06-12 22:43:30,625 - __main__ - WARNING - 未获取到国家卫健委数据
2025-06-12 22:43:30,628 - __main__ - INFO - 
2. 爬取医疗新闻资讯...
2025-06-12 22:43:30,629 - __main__ - INFO - 开始获取医疗新闻资讯，最大页数: 10
2025-06-12 22:43:30,629 - __main__ - INFO - 爬取新闻源: 健康界
2025-06-12 22:43:30,725 - __main__ - INFO - 爬取新闻源: 医学界
2025-06-12 22:43:35,387 - __main__ - INFO - 爬取新闻源: 丁香园
2025-06-12 22:43:38,256 - __main__ - INFO - 
3. 爬取医院信息（增强版）...
2025-06-12 22:43:38,256 - __main__ - INFO - 开始获取医院数据（增强版）...
2025-06-12 22:43:38,263 - __main__ - INFO - 医院数据获取完成，共 307 条数据
2025-06-12 22:43:38,282 - __main__ - INFO - 数据已保存至CSV: ./medical_data\hospitals_enhanced_20250612_224338.csv
2025-06-12 22:43:38,901 - __main__ - INFO - 数据已保存至Excel: ./medical_data\hospitals_enhanced_20250612_224338.xlsx
2025-06-12 22:43:38,902 - __main__ - INFO - 
4. 爬取疾病统计数据（增强版）...
2025-06-12 22:43:38,902 - __main__ - INFO - 开始获取疾病统计数据，年份: [2020, 2021, 2022, 2023, 2024]
2025-06-12 22:43:38,920 - __main__ - INFO - 疾病统计数据获取完成，共 1440 条数据
2025-06-12 22:43:38,930 - __main__ - INFO - 数据已保存至CSV: ./medical_data\disease_statistics_enhanced_20250612_224338.csv
2025-06-12 22:43:39,168 - __main__ - INFO - 数据已保存至Excel: ./medical_data\disease_statistics_enhanced_20250612_224338.xlsx
2025-06-12 22:43:39,169 - __main__ - INFO - 
5. 爬取医疗政策文件（增强版）...
2025-06-12 22:43:39,170 - __main__ - INFO - 开始获取医疗政策文件，年份: [2020, 2021, 2022, 2023, 2024]
2025-06-12 22:43:39,178 - __main__ - INFO - 医疗政策数据获取完成，共 388 条数据
2025-06-12 22:43:39,182 - __main__ - INFO - 数据已保存至CSV: ./medical_data\medical_policies_enhanced_20250612_224339.csv
2025-06-12 22:43:39,258 - __main__ - INFO - 数据已保存至Excel: ./medical_data\medical_policies_enhanced_20250612_224339.xlsx
2025-06-12 22:43:39,259 - __main__ - INFO - 
6. 爬取医学研究数据...
2025-06-12 22:43:39,260 - __main__ - INFO - 开始获取医学研究数据...
2025-06-12 22:43:39,264 - __main__ - INFO - 医学研究数据获取完成，共 200 条数据
2025-06-12 22:43:39,268 - __main__ - INFO - 数据已保存至CSV: ./medical_data\medical_research_20250612_224339.csv
2025-06-12 22:43:39,324 - __main__ - INFO - 数据已保存至Excel: ./medical_data\medical_research_20250612_224339.xlsx
2025-06-12 22:43:39,325 - __main__ - INFO - 
=== 爬取完成统计（增强版） ===
2025-06-12 22:43:39,326 - __main__ - INFO - 国家卫健委数据: 0 条
2025-06-12 22:43:39,326 - __main__ - INFO - 医疗新闻: 0 条
2025-06-12 22:43:39,327 - __main__ - INFO - 医院信息: 307 条
2025-06-12 22:43:39,328 - __main__ - INFO - 疾病统计: 1440 条
2025-06-12 22:43:39,329 - __main__ - INFO - 政策文件: 388 条
2025-06-12 22:43:39,329 - __main__ - INFO - 医学研究: 200 条
2025-06-12 22:43:39,329 - __main__ - INFO - 总计数据量: 2335 条
2025-06-12 22:43:39,330 - __main__ - INFO - 数据保存路径: F:\大三下北邮资料\大数据\大作业一\code\medical_data
2025-06-12 22:43:39,330 - __main__ - INFO - ✅ 成功达到1000条数据的目标!
2025-06-12 22:43:39,365 - __main__ - INFO - 数据已保存至CSV: ./medical_data\all_medical_data_combined_20250612_224339.csv
2025-06-12 22:43:40,655 - __main__ - INFO - 数据已保存至Excel: ./medical_data\all_medical_data_combined_20250612_224339.xlsx
2025-06-12 22:43:40,656 - __main__ - INFO - 所有数据已合并保存，总计 2335 条
